Arguments: 
  C:\Program Files\nodejs\node.exe C:\Users\Angel\AppData\Roaming\npm\node_modules\yarn\bin\yarn.js add cloudinary

PATH: 
  C:\WINDOWS\system32;C:\WINDOWS;C:\WINDOWS\System32\Wbem;C:\WINDOWS\System32\WindowsPowerShell\v1.0\;C:\WINDOWS\System32\OpenSSH\;C:\Program Files\Git\cmd;C:\Program Files\nodejs\;C:\Program Files\Docker\Docker\resources\bin;C:\ProgramData\DockerDesktop\version-bin;C:\ProgramData\chocolatey\bin;C:\Program Files\PuTTY\;C:\Users\Angel\AppData\Local\Programs\Python\Python37-32\Scripts\;C:\Users\Angel\AppData\Local\Programs\Python\Python37-32\;C:\Users\Angel\AppData\Local\Programs\Microsoft VS Code\bin;C:\Users\Angel\AppData\Local\Microsoft\WindowsApps;C:\Users\Angel\AppData\Roaming\npm;C:\Program Files\heroku\bin

Yarn version: 
  1.22.10

Node version: 
  12.14.1

Platform: 
  win32 x64

Trace: 
  Error: getaddrinfo ENOTFOUND registry.yarnpkg.com
      at GetAddrInfoReqWrap.onlookup [as oncomplete] (dns.js:60:26)

npm manifest: 
  {
    "name": "gql-api-template",
    "version": "0.0.0",
    "description": "Template para api-gql 2020",
    "main": "index.js",
    "scripts": {
      "babel-node": "babel-node src/index.js --presets env",
      "dev": "nodemon --exec npm run babel-node",
      "test": "echo \"Error: no test specified\" && exit 1"
    },
    "author": "angeldesweb",
    "license": "MIT",
    "dependencies": {
      "apollo-resolvers": "^1.4.2",
      "apollo-server-express": "^2.18.2",
      "babel-cli": "^6.26.0",
      "babel-preset-env": "^1.7.0",
      "bcryptjs": "^2.4.3",
      "body-parser": "^1.19.0",
      "cors": "^2.8.5",
      "express": "^4.17.1",
      "jwt-simple": "^0.5.6",
      "lodash": "^4.17.20",
      "moment": "^2.29.1",
      "mongoose": "^5.10.9",
      "mongoose-validator": "^2.1.0"
    },
    "devDependencies": {
      "dotenv": "^8.2.0",
      "nodemon": "^2.0.5"
    }
  }

yarn manifest: 
  No manifest

Lockfile: 
  No lockfile
